<?xml version="1.0" encoding="UTF-8"?>
<!-- Generated by org.testng.reporters.JUnitReportReporter -->
<testsuite hostname="DESKTOP-3RHQS1L" failures="0" tests="1" name="Jenkins_Package.Jenkins_Sample1" time="0.032" errors="0" timestamp="2023-12-16T12:14:12 IST" skipped="0">
  <testcase classname="Jenkins_Package.Jenkins_Sample1" name="jenkinsMethod1" time="0.032"/>
  <system-out/>
</testsuite> <!-- Jenkins_Package.Jenkins_Sample1 -->
